#
# A fatal error has been detected by the Java Runtime Environment:
#
#  EXCEPTION_ACCESS_VIOLATION (0xc0000005) at pc=0x00007ffcdb6fbad3, pid=86840, tid=92976
#
# JRE version: OpenJDK Runtime Environment (14.0.2+12) (build 14.0.2+12-46)
# Java VM: OpenJDK 64-Bit Server VM (14.0.2+12-46, mixed mode, tiered, compressed oops, g1 gc, windows-amd64)
# Problematic frame:
# V  [jvm.dll+0x20bad3]
#
# No core dump will be written. Minidumps are not enabled by default on client versions of Windows
#
# If you would like to submit a bug report, please visit:
#   https://bugreport.java.com/bugreport/crash.jsp
#

---------------  S U M M A R Y ------------

Command Line: -XX:+ShowCodeDetailsInExceptionMessages -agentlib:jdwp=transport=dt_socket,suspend=y,address=localhost:53878 -javaagent:C:\Users\Raynier\eclipse\jee-2020-09\eclipse\configuration\org.eclipse.osgi\406\0\.cp\lib\javaagent-shaded.jar -Dfile.encoding=Cp1252 main.FileReader

Host: AMD Ryzen 7 3700X 8-Core Processor             , 16 cores, 31G,  Windows 10 , 64 bit Build 19041 (10.0.19041.2913)
Time: Fri May 19 20:05:40 2023 Eastern Daylight Time elapsed time: 234 seconds (0d 0h 3m 54s)

---------------  T H R E A D  ---------------

Current thread (0x0000021d758e4000):  VMThread "VM Thread" [stack: 0x0000006569500000,0x0000006569600000] [id=92976]

Stack: [0x0000006569500000,0x0000006569600000],  sp=0x00000065695fef50,  free space=1019k
Native frames: (J=compiled Java code, j=interpreted, Vv=VM code, C=native code)
V  [jvm.dll+0x20bad3]
V  [jvm.dll+0x4c3a0d]
V  [jvm.dll+0x1c570b]
V  [jvm.dll+0x1c76ee]
V  [jvm.dll+0x4c3dfa]
V  [jvm.dll+0x744f4b]
V  [jvm.dll+0x748f77]
V  [jvm.dll+0x749748]
V  [jvm.dll+0x749a3c]
V  [jvm.dll+0x6ffeda]
V  [jvm.dll+0x5f78f6]
C  [ucrtbase.dll+0x21bb2]
C  [KERNEL32.DLL+0x17614]
C  [ntdll.dll+0x526a1]


siginfo: EXCEPTION_ACCESS_VIOLATION (0xc0000005), reading address 0xffffffffffffffff


Register to memory mapping:

RIP=0x00007ffcdb6fbad3 jvm.dll
RAX=0x0000b21d74f9b960 is an unknown value
RBX=0x0000021d767c8358 is pointing into metadata
RCX=0x0000b21d74f9b960 is an unknown value
RDX=0x00000065695ff038 points into unknown readable memory: 00 6f 7f db fc 7f 00 00
RSP=0x00000065695fef50 points into unknown readable memory: d0 61 f7 db fc 7f 00 00
RBP=0x0 is NULL
RSI=0x00000008000d36d8 is a pointer to class: 
main.FileReader {0x00000008000d36e0}
RDI=0x0000021d74e4b2d0 points into unknown readable memory: 02 00 00 00 00 00 00 00
R8 =0x0 is NULL
R9 =0x0 is NULL
R10=0x00000008000d38e0 is pointing into metadata
R11=0x0000000000000005 is an unknown value
R12=0x0 is NULL
R13=0x00007ffcdbf761d0 jvm.dll
R14=0x00000065695ff038 points into unknown readable memory: 00 6f 7f db fc 7f 00 00
R15=0x0000021d767c8330 is pointing into metadata


Registers:
RAX=0x0000b21d74f9b960, RBX=0x0000021d767c8358, RCX=0x0000b21d74f9b960, RDX=0x00000065695ff038
RSP=0x00000065695fef50, RBP=0x0000000000000000, RSI=0x00000008000d36d8, RDI=0x0000021d74e4b2d0
R8 =0x0000000000000000, R9 =0x0000000000000000, R10=0x00000008000d38e0, R11=0x0000000000000005
R12=0x0000000000000000, R13=0x00007ffcdbf761d0, R14=0x00000065695ff038, R15=0x0000021d767c8330
RIP=0x00007ffcdb6fbad3, EFLAGS=0x0000000000010206

Top of Stack: (sp=0x00000065695fef50)
0x00000065695fef50:   00007ffcdbf761d0 00007ffcdb817d84
0x00000065695fef60:   0000021d74e4b2d0 00000008000d36d8
0x00000065695fef70:   0000021d74e4e8b8 0000021d74e4e570
0x00000065695fef80:   00000000000003d8 00007ffcdb9b3a0d
0x00000065695fef90:   00000008000d2e78 00000008000d36d8
0x00000065695fefa0:   0000021d74e4b2d0 0000021d74e4e4d0
0x00000065695fefb0:   00000008000d36d8 0000000000000000
0x00000065695fefc0:   00007ffc00000000 0000021d758e4000
0x00000065695fefd0:   0000021d74e4b710 0000021d74dc37a0
0x00000065695fefe0:   0000021d74dc3808 0000021d74dc3888
0x00000065695feff0:   00000000000000d8 00000065695ff088
0x00000065695ff000:   00000000000003d8 0000000000000000
0x00000065695ff010:   00007ffcdbcfc720 000000062106c018
0x00000065695ff020:   00000065695ff110 00007ffcdb6b570b
0x00000065695ff030:   00000008000d36d8 00007ffcdb7f6f00
0x00000065695ff040:   00000065695ff110 0000021d00000000 

Instructions: (pc=0x00007ffcdb6fbad3)
0x00007ffcdb6fb9d3:   8b 05 47 7a 87 00 c3 cc cc cc cc cc cc 48 89 4c
0x00007ffcdb6fb9e3:   24 08 48 89 54 24 10 4c 89 44 24 18 4c 89 4c 24
0x00007ffcdb6fb9f3:   20 48 83 ec 28 4c 8b c1 4c 8d 4c 24 38 48 8d 0d
0x00007ffcdb6fba03:   a9 3b 81 00 ba 02 00 00 00 e8 ef fb 2e 00 48 83
0x00007ffcdb6fba13:   c4 28 c3 cc cc cc cc cc cc cc cc cc cc 48 89 4c
0x00007ffcdb6fba23:   24 08 48 89 54 24 10 4c 89 44 24 18 4c 89 4c 24
0x00007ffcdb6fba33:   20 48 83 ec 28 4c 8b c1 4c 8d 4c 24 38 48 8d 0d
0x00007ffcdb6fba43:   d9 3b 81 00 ba 03 00 00 00 e8 af fb 2e 00 48 83
0x00007ffcdb6fba53:   c4 28 c3 cc cc cc cc cc cc cc cc cc cc 48 89 6c
0x00007ffcdb6fba63:   24 20 41 54 41 56 41 57 48 83 ec 20 45 33 e4 4c
0x00007ffcdb6fba73:   8b f2 4c 8b f9 41 8b ec 44 39 21 0f 8e 48 01 00
0x00007ffcdb6fba83:   00 48 89 5c 24 40 48 8d 59 28 48 89 74 24 48 48
0x00007ffcdb6fba93:   89 7c 24 50 66 0f 1f 84 00 00 00 00 00 48 8b 43
0x00007ffcdb6fbaa3:   10 48 c1 e8 1a f6 d0 a8 01 0f 84 fc 00 00 00 48
0x00007ffcdb6fbab3:   8b 43 10 48 c1 e8 14 a8 01 74 06 48 8b 7b 08 eb
0x00007ffcdb6fbac3:   22 48 8b 03 48 85 c0 0f 84 de 00 00 00 48 8b 0b
0x00007ffcdb6fbad3:   48 8b 01 ff 50 10 84 c0 75 06 48 8b 7b 08 eb 03
0x00007ffcdb6fbae3:   48 8b 3b 48 85 ff 0f 84 bf 00 00 00 48 8b 07 48
0x00007ffcdb6fbaf3:   8b cf ff 50 10 84 c0 0f 84 ae 00 00 00 8b 4f 20
0x00007ffcdb6fbb03:   8b c1 c1 e8 10 a8 01 0f 84 9e 00 00 00 c1 e9 0f
0x00007ffcdb6fbb13:   f6 c1 01 74 18 48 8b 43 f8 0f b7 c8 48 89 4b f8
0x00007ffcdb6fbb23:   4c 89 23 4c 89 63 10 4c 89 63 08 eb 7e 48 8b 57
0x00007ffcdb6fbb33:   08 48 8b 42 08 0f b7 52 36 48 8b 48 18 e8 4b da
0x00007ffcdb6fbb43:   11 00 48 8b 4b 10 48 8b f0 48 c1 e9 14 f6 c1 01
0x00007ffcdb6fbb53:   74 16 48 8b 4b 08 48 3b cf 75 50 48 89 43 08 48
0x00007ffcdb6fbb63:   8d 0d b3 38 63 00 eb 35 48 8b 0b 48 8b 01 ff 50
0x00007ffcdb6fbb73:   10 84 c0 75 16 48 8b 43 08 48 3b c7 75 2d 48 89
0x00007ffcdb6fbb83:   73 08 48 8d 0d 9c 38 63 00 eb 12 48 8b 03 48 3b
0x00007ffcdb6fbb93:   c7 75 18 48 89 33 48 8d 0d 98 38 63 00 4d 8b ce
0x00007ffcdb6fbba3:   4c 8b c6 48 8b d7 e8 52 04 00 00 ff c5 48 83 c3
0x00007ffcdb6fbbb3:   20 41 3b 2f 0f 8c e3 fe ff ff 48 8b 7c 24 50 48
0x00007ffcdb6fbbc3:   8b 74 24 48 48 8b 5c 24 40 48 8b 6c 24 58 48 83 


Stack slot to memory mapping:
stack at sp + 0 slots: 0x00007ffcdbf761d0 jvm.dll
stack at sp + 1 slots: 0x00007ffcdb817d84 jvm.dll
stack at sp + 2 slots: 0x0000021d74e4b2d0 points into unknown readable memory: 02 00 00 00 00 00 00 00
stack at sp + 3 slots: 0x00000008000d36d8 is a pointer to class: 
main.FileReader {0x00000008000d36e0}
stack at sp + 4 slots: 0x0000021d74e4e8b8 points into unknown readable memory: 8d 1b d4 d8 0c 0a 1f 08
stack at sp + 5 slots: 0x0000021d74e4e570 points into unknown readable memory: 6d 61 69 6e 2e 46 69 6c
stack at sp + 6 slots: 0x00000000000003d8 is an unknown value
stack at sp + 7 slots: 0x00007ffcdb9b3a0d jvm.dll

VM_Operation (0x000000656a1ff480): RedefineClasses, mode: safepoint, requested by thread 0x0000021d75d77000, redefining class main.FileReader



---------------  P R O C E S S  ---------------

Threads class SMR info:
_java_thread_list=0x0000021d75a93910, length=14, elements={
0x0000021d4b91f000, 0x0000021d758f7800, 0x0000021d758f8800, 0x0000021d7591f800,
0x0000021d75923800, 0x0000021d75925800, 0x0000021d75940800, 0x0000021d75944800,
0x0000021d75954000, 0x0000021d75ab3000, 0x0000021d75d77000, 0x0000021d75cef000,
0x0000021d75cb6800, 0x0000021d75ea5000
}

Java Threads: ( => current thread )
  0x0000021d4b91f000 JavaThread "main" [_thread_blocked, id=95128, stack(0x0000006568f00000,0x0000006569000000)]
  0x0000021d758f7800 JavaThread "Reference Handler" daemon [_thread_blocked, id=96276, stack(0x0000006569600000,0x0000006569700000)]
  0x0000021d758f8800 JavaThread "Finalizer" daemon [_thread_blocked, id=100080, stack(0x0000006569700000,0x0000006569800000)]
  0x0000021d7591f800 JavaThread "Signal Dispatcher" daemon [_thread_blocked, id=94412, stack(0x0000006569800000,0x0000006569900000)]
  0x0000021d75923800 JavaThread "Attach Listener" daemon [_thread_blocked, id=86772, stack(0x0000006569900000,0x0000006569a00000)]
  0x0000021d75925800 JavaThread "Service Thread" daemon [_thread_blocked, id=95796, stack(0x0000006569a00000,0x0000006569b00000)]
  0x0000021d75940800 JavaThread "C2 CompilerThread0" daemon [_thread_blocked, id=100312, stack(0x0000006569b00000,0x0000006569c00000)]
  0x0000021d75944800 JavaThread "C1 CompilerThread0" daemon [_thread_blocked, id=84656, stack(0x0000006569c00000,0x0000006569d00000)]
  0x0000021d75954000 JavaThread "Sweeper thread" daemon [_thread_blocked, id=99812, stack(0x0000006569d00000,0x0000006569e00000)]
  0x0000021d75ab3000 JavaThread "Common-Cleaner" daemon [_thread_blocked, id=87460, stack(0x0000006569e00000,0x0000006569f00000)]
  0x0000021d75d77000 JavaThread "JDWP Transport Listener: dt_socket" daemon [_thread_blocked, id=19360, stack(0x000000656a100000,0x000000656a200000)]
  0x0000021d75cef000 JavaThread "JDWP Event Helper Thread" daemon [_thread_blocked, id=79932, stack(0x000000656a200000,0x000000656a300000)]
  0x0000021d75cb6800 JavaThread "JDWP Command Reader" daemon [_thread_in_native, id=89892, stack(0x000000656a300000,0x000000656a400000)]
  0x0000021d75ea5000 JavaThread "Notification Thread" daemon [_thread_blocked, id=91968, stack(0x000000656a000000,0x000000656a100000)]

Other Threads:
=>0x0000021d758e4000 VMThread "VM Thread" [stack: 0x0000006569500000,0x0000006569600000] [id=92976]
  0x0000021d75ea6000 WatcherThread [stack: 0x000000656a400000,0x000000656a500000] [id=84320]
  0x0000021d4b9a4800 GCTaskThread "GC Thread#0" [stack: 0x0000006569000000,0x0000006569100000] [id=71124]
  0x0000021d4b9c6800 ConcurrentGCThread "G1 Main Marker" [stack: 0x0000006569100000,0x0000006569200000] [id=97548]
  0x0000021d4b9c7800 ConcurrentGCThread "G1 Conc#0" [stack: 0x0000006569200000,0x0000006569300000] [id=42872]
  0x0000021d74def800 ConcurrentGCThread "G1 Refine#0" [stack: 0x0000006569300000,0x0000006569400000] [id=98440]
  0x0000021d74df1000 ConcurrentGCThread "G1 Young RemSet Sampling" [stack: 0x0000006569400000,0x0000006569500000] [id=95620]

Threads with active compile tasks:

VM state:at safepoint (normal execution)

VM Mutex/Monitor currently owned by a thread:  ([mutex/lock_event])
[0x0000021d4b912940] Threads_lock - owner thread: 0x0000021d758e4000

Heap address: 0x0000000601200000, size: 8174 MB, Compressed Oops mode: Zero based, Oop shift amount: 3
Narrow klass base: 0x0000000800000000, Narrow klass shift: 0
Compressed class space size: 1073741824 Address: 0x0000000800000000

Heap:
 garbage-first heap   total 524288K, used 6144K [0x0000000601200000, 0x0000000800000000)
  region size 2048K, 4 young (8192K), 0 survivors (0K)
 Metaspace       used 9762K, capacity 9942K, committed 10240K, reserved 1058816K
  class space    used 868K, capacity 906K, committed 1024K, reserved 1048576K
Heap Regions: E=young(eden), S=young(survivor), O=old, HS=humongous(starts), HC=humongous(continues), CS=collection set, F=free, OA=open archive, CA=closed archive, TAMS=top-at-mark-start (previous, next)
|   0|0x0000000601200000, 0x0000000601200000, 0x0000000601400000|  0%| F|  |TAMS 0x0000000601200000, 0x0000000601200000| Untracked 
|   1|0x0000000601400000, 0x0000000601400000, 0x0000000601600000|  0%| F|  |TAMS 0x0000000601400000, 0x0000000601400000| Untracked 
|   2|0x0000000601600000, 0x0000000601600000, 0x0000000601800000|  0%| F|  |TAMS 0x0000000601600000, 0x0000000601600000| Untracked 
|   3|0x0000000601800000, 0x0000000601800000, 0x0000000601a00000|  0%| F|  |TAMS 0x0000000601800000, 0x0000000601800000| Untracked 
|   4|0x0000000601a00000, 0x0000000601a00000, 0x0000000601c00000|  0%| F|  |TAMS 0x0000000601a00000, 0x0000000601a00000| Untracked 
|   5|0x0000000601c00000, 0x0000000601c00000, 0x0000000601e00000|  0%| F|  |TAMS 0x0000000601c00000, 0x0000000601c00000| Untracked 
|   6|0x0000000601e00000, 0x0000000601e00000, 0x0000000602000000|  0%| F|  |TAMS 0x0000000601e00000, 0x0000000601e00000| Untracked 
|   7|0x0000000602000000, 0x0000000602000000, 0x0000000602200000|  0%| F|  |TAMS 0x0000000602000000, 0x0000000602000000| Untracked 
|   8|0x0000000602200000, 0x0000000602200000, 0x0000000602400000|  0%| F|  |TAMS 0x0000000602200000, 0x0000000602200000| Untracked 
|   9|0x0000000602400000, 0x0000000602400000, 0x0000000602600000|  0%| F|  |TAMS 0x0000000602400000, 0x0000000602400000| Untracked 
|  10|0x0000000602600000, 0x0000000602600000, 0x0000000602800000|  0%| F|  |TAMS 0x0000000602600000, 0x0000000602600000| Untracked 
|  11|0x0000000602800000, 0x0000000602800000, 0x0000000602a00000|  0%| F|  |TAMS 0x0000000602800000, 0x0000000602800000| Untracked 
|  12|0x0000000602a00000, 0x0000000602a00000, 0x0000000602c00000|  0%| F|  |TAMS 0x0000000602a00000, 0x0000000602a00000| Untracked 
|  13|0x0000000602c00000, 0x0000000602c00000, 0x0000000602e00000|  0%| F|  |TAMS 0x0000000602c00000, 0x0000000602c00000| Untracked 
|  14|0x0000000602e00000, 0x0000000602e00000, 0x0000000603000000|  0%| F|  |TAMS 0x0000000602e00000, 0x0000000602e00000| Untracked 
|  15|0x0000000603000000, 0x0000000603000000, 0x0000000603200000|  0%| F|  |TAMS 0x0000000603000000, 0x0000000603000000| Untracked 
|  16|0x0000000603200000, 0x0000000603200000, 0x0000000603400000|  0%| F|  |TAMS 0x0000000603200000, 0x0000000603200000| Untracked 
|  17|0x0000000603400000, 0x0000000603400000, 0x0000000603600000|  0%| F|  |TAMS 0x0000000603400000, 0x0000000603400000| Untracked 
|  18|0x0000000603600000, 0x0000000603600000, 0x0000000603800000|  0%| F|  |TAMS 0x0000000603600000, 0x0000000603600000| Untracked 
|  19|0x0000000603800000, 0x0000000603800000, 0x0000000603a00000|  0%| F|  |TAMS 0x0000000603800000, 0x0000000603800000| Untracked 
|  20|0x0000000603a00000, 0x0000000603a00000, 0x0000000603c00000|  0%| F|  |TAMS 0x0000000603a00000, 0x0000000603a00000| Untracked 
|  21|0x0000000603c00000, 0x0000000603c00000, 0x0000000603e00000|  0%| F|  |TAMS 0x0000000603c00000, 0x0000000603c00000| Untracked 
|  22|0x0000000603e00000, 0x0000000603e00000, 0x0000000604000000|  0%| F|  |TAMS 0x0000000603e00000, 0x0000000603e00000| Untracked 
|  23|0x0000000604000000, 0x0000000604000000, 0x0000000604200000|  0%| F|  |TAMS 0x0000000604000000, 0x0000000604000000| Untracked 
|  24|0x0000000604200000, 0x0000000604200000, 0x0000000604400000|  0%| F|  |TAMS 0x0000000604200000, 0x0000000604200000| Untracked 
|  25|0x0000000604400000, 0x0000000604400000, 0x0000000604600000|  0%| F|  |TAMS 0x0000000604400000, 0x0000000604400000| Untracked 
|  26|0x0000000604600000, 0x0000000604600000, 0x0000000604800000|  0%| F|  |TAMS 0x0000000604600000, 0x0000000604600000| Untracked 
|  27|0x0000000604800000, 0x0000000604800000, 0x0000000604a00000|  0%| F|  |TAMS 0x0000000604800000, 0x0000000604800000| Untracked 
|  28|0x0000000604a00000, 0x0000000604a00000, 0x0000000604c00000|  0%| F|  |TAMS 0x0000000604a00000, 0x0000000604a00000| Untracked 
|  29|0x0000000604c00000, 0x0000000604c00000, 0x0000000604e00000|  0%| F|  |TAMS 0x0000000604c00000, 0x0000000604c00000| Untracked 
|  30|0x0000000604e00000, 0x0000000604e00000, 0x0000000605000000|  0%| F|  |TAMS 0x0000000604e00000, 0x0000000604e00000| Untracked 
|  31|0x0000000605000000, 0x0000000605000000, 0x0000000605200000|  0%| F|  |TAMS 0x0000000605000000, 0x0000000605000000| Untracked 
|  32|0x0000000605200000, 0x0000000605200000, 0x0000000605400000|  0%| F|  |TAMS 0x0000000605200000, 0x0000000605200000| Untracked 
|  33|0x0000000605400000, 0x0000000605400000, 0x0000000605600000|  0%| F|  |TAMS 0x0000000605400000, 0x0000000605400000| Untracked 
|  34|0x0000000605600000, 0x0000000605600000, 0x0000000605800000|  0%| F|  |TAMS 0x0000000605600000, 0x0000000605600000| Untracked 
|  35|0x0000000605800000, 0x0000000605800000, 0x0000000605a00000|  0%| F|  |TAMS 0x0000000605800000, 0x0000000605800000| Untracked 
|  36|0x0000000605a00000, 0x0000000605a00000, 0x0000000605c00000|  0%| F|  |TAMS 0x0000000605a00000, 0x0000000605a00000| Untracked 
|  37|0x0000000605c00000, 0x0000000605c00000, 0x0000000605e00000|  0%| F|  |TAMS 0x0000000605c00000, 0x0000000605c00000| Untracked 
|  38|0x0000000605e00000, 0x0000000605e00000, 0x0000000606000000|  0%| F|  |TAMS 0x0000000605e00000, 0x0000000605e00000| Untracked 
|  39|0x0000000606000000, 0x0000000606000000, 0x0000000606200000|  0%| F|  |TAMS 0x0000000606000000, 0x0000000606000000| Untracked 
|  40|0x0000000606200000, 0x0000000606200000, 0x0000000606400000|  0%| F|  |TAMS 0x0000000606200000, 0x0000000606200000| Untracked 
|  41|0x0000000606400000, 0x0000000606400000, 0x0000000606600000|  0%| F|  |TAMS 0x0000000606400000, 0x0000000606400000| Untracked 
|  42|0x0000000606600000, 0x0000000606600000, 0x0000000606800000|  0%| F|  |TAMS 0x0000000606600000, 0x0000000606600000| Untracked 
|  43|0x0000000606800000, 0x0000000606800000, 0x0000000606a00000|  0%| F|  |TAMS 0x0000000606800000, 0x0000000606800000| Untracked 
|  44|0x0000000606a00000, 0x0000000606a00000, 0x0000000606c00000|  0%| F|  |TAMS 0x0000000606a00000, 0x0000000606a00000| Untracked 
|  45|0x0000000606c00000, 0x0000000606c00000, 0x0000000606e00000|  0%| F|  |TAMS 0x0000000606c00000, 0x0000000606c00000| Untracked 
|  46|0x0000000606e00000, 0x0000000606e00000, 0x0000000607000000|  0%| F|  |TAMS 0x0000000606e00000, 0x0000000606e00000| Untracked 
|  47|0x0000000607000000, 0x0000000607000000, 0x0000000607200000|  0%| F|  |TAMS 0x0000000607000000, 0x0000000607000000| Untracked 
|  48|0x0000000607200000, 0x0000000607200000, 0x0000000607400000|  0%| F|  |TAMS 0x0000000607200000, 0x0000000607200000| Untracked 
|  49|0x0000000607400000, 0x0000000607400000, 0x0000000607600000|  0%| F|  |TAMS 0x0000000607400000, 0x0000000607400000| Untracked 
|  50|0x0000000607600000, 0x0000000607600000, 0x0000000607800000|  0%| F|  |TAMS 0x0000000607600000, 0x0000000607600000| Untracked 
|  51|0x0000000607800000, 0x0000000607800000, 0x0000000607a00000|  0%| F|  |TAMS 0x0000000607800000, 0x0000000607800000| Untracked 
|  52|0x0000000607a00000, 0x0000000607a00000, 0x0000000607c00000|  0%| F|  |TAMS 0x0000000607a00000, 0x0000000607a00000| Untracked 
|  53|0x0000000607c00000, 0x0000000607c00000, 0x0000000607e00000|  0%| F|  |TAMS 0x0000000607c00000, 0x0000000607c00000| Untracked 
|  54|0x0000000607e00000, 0x0000000607e00000, 0x0000000608000000|  0%| F|  |TAMS 0x0000000607e00000, 0x0000000607e00000| Untracked 
|  55|0x0000000608000000, 0x0000000608000000, 0x0000000608200000|  0%| F|  |TAMS 0x0000000608000000, 0x0000000608000000| Untracked 
|  56|0x0000000608200000, 0x0000000608200000, 0x0000000608400000|  0%| F|  |TAMS 0x0000000608200000, 0x0000000608200000| Untracked 
|  57|0x0000000608400000, 0x0000000608400000, 0x0000000608600000|  0%| F|  |TAMS 0x0000000608400000, 0x0000000608400000| Untracked 
|  58|0x0000000608600000, 0x0000000608600000, 0x0000000608800000|  0%| F|  |TAMS 0x0000000608600000, 0x0000000608600000| Untracked 
|  59|0x0000000608800000, 0x0000000608800000, 0x0000000608a00000|  0%| F|  |TAMS 0x0000000608800000, 0x0000000608800000| Untracked 
|  60|0x0000000608a00000, 0x0000000608a00000, 0x0000000608c00000|  0%| F|  |TAMS 0x0000000608a00000, 0x0000000608a00000| Untracked 
|  61|0x0000000608c00000, 0x0000000608c00000, 0x0000000608e00000|  0%| F|  |TAMS 0x0000000608c00000, 0x0000000608c00000| Untracked 
|  62|0x0000000608e00000, 0x0000000608e00000, 0x0000000609000000|  0%| F|  |TAMS 0x0000000608e00000, 0x0000000608e00000| Untracked 
|  63|0x0000000609000000, 0x0000000609000000, 0x0000000609200000|  0%| F|  |TAMS 0x0000000609000000, 0x0000000609000000| Untracked 
|  64|0x0000000609200000, 0x0000000609200000, 0x0000000609400000|  0%| F|  |TAMS 0x0000000609200000, 0x0000000609200000| Untracked 
|  65|0x0000000609400000, 0x0000000609400000, 0x0000000609600000|  0%| F|  |TAMS 0x0000000609400000, 0x0000000609400000| Untracked 
|  66|0x0000000609600000, 0x0000000609600000, 0x0000000609800000|  0%| F|  |TAMS 0x0000000609600000, 0x0000000609600000| Untracked 
|  67|0x0000000609800000, 0x0000000609800000, 0x0000000609a00000|  0%| F|  |TAMS 0x0000000609800000, 0x0000000609800000| Untracked 
|  68|0x0000000609a00000, 0x0000000609a00000, 0x0000000609c00000|  0%| F|  |TAMS 0x0000000609a00000, 0x0000000609a00000| Untracked 
|  69|0x0000000609c00000, 0x0000000609c00000, 0x0000000609e00000|  0%| F|  |TAMS 0x0000000609c00000, 0x0000000609c00000| Untracked 
|  70|0x0000000609e00000, 0x0000000609e00000, 0x000000060a000000|  0%| F|  |TAMS 0x0000000609e00000, 0x0000000609e00000| Untracked 
|  71|0x000000060a000000, 0x000000060a000000, 0x000000060a200000|  0%| F|  |TAMS 0x000000060a000000, 0x000000060a000000| Untracked 
|  72|0x000000060a200000, 0x000000060a200000, 0x000000060a400000|  0%| F|  |TAMS 0x000000060a200000, 0x000000060a200000| Untracked 
|  73|0x000000060a400000, 0x000000060a400000, 0x000000060a600000|  0%| F|  |TAMS 0x000000060a400000, 0x000000060a400000| Untracked 
|  74|0x000000060a600000, 0x000000060a600000, 0x000000060a800000|  0%| F|  |TAMS 0x000000060a600000, 0x000000060a600000| Untracked 
|  75|0x000000060a800000, 0x000000060a800000, 0x000000060aa00000|  0%| F|  |TAMS 0x000000060a800000, 0x000000060a800000| Untracked 
|  76|0x000000060aa00000, 0x000000060aa00000, 0x000000060ac00000|  0%| F|  |TAMS 0x000000060aa00000, 0x000000060aa00000| Untracked 
|  77|0x000000060ac00000, 0x000000060ac00000, 0x000000060ae00000|  0%| F|  |TAMS 0x000000060ac00000, 0x000000060ac00000| Untracked 
|  78|0x000000060ae00000, 0x000000060ae00000, 0x000000060b000000|  0%| F|  |TAMS 0x000000060ae00000, 0x000000060ae00000| Untracked 
|  79|0x000000060b000000, 0x000000060b000000, 0x000000060b200000|  0%| F|  |TAMS 0x000000060b000000, 0x000000060b000000| Untracked 
|  80|0x000000060b200000, 0x000000060b200000, 0x000000060b400000|  0%| F|  |TAMS 0x000000060b200000, 0x000000060b200000| Untracked 
|  81|0x000000060b400000, 0x000000060b400000, 0x000000060b600000|  0%| F|  |TAMS 0x000000060b400000, 0x000000060b400000| Untracked 
|  82|0x000000060b600000, 0x000000060b600000, 0x000000060b800000|  0%| F|  |TAMS 0x000000060b600000, 0x000000060b600000| Untracked 
|  83|0x000000060b800000, 0x000000060b800000, 0x000000060ba00000|  0%| F|  |TAMS 0x000000060b800000, 0x000000060b800000| Untracked 
|  84|0x000000060ba00000, 0x000000060ba00000, 0x000000060bc00000|  0%| F|  |TAMS 0x000000060ba00000, 0x000000060ba00000| Untracked 
|  85|0x000000060bc00000, 0x000000060bc00000, 0x000000060be00000|  0%| F|  |TAMS 0x000000060bc00000, 0x000000060bc00000| Untracked 
|  86|0x000000060be00000, 0x000000060be00000, 0x000000060c000000|  0%| F|  |TAMS 0x000000060be00000, 0x000000060be00000| Untracked 
|  87|0x000000060c000000, 0x000000060c000000, 0x000000060c200000|  0%| F|  |TAMS 0x000000060c000000, 0x000000060c000000| Untracked 
|  88|0x000000060c200000, 0x000000060c200000, 0x000000060c400000|  0%| F|  |TAMS 0x000000060c200000, 0x000000060c200000| Untracked 
|  89|0x000000060c400000, 0x000000060c400000, 0x000000060c600000|  0%| F|  |TAMS 0x000000060c400000, 0x000000060c400000| Untracked 
|  90|0x000000060c600000, 0x000000060c600000, 0x000000060c800000|  0%| F|  |TAMS 0x000000060c600000, 0x000000060c600000| Untracked 
|  91|0x000000060c800000, 0x000000060c800000, 0x000000060ca00000|  0%| F|  |TAMS 0x000000060c800000, 0x000000060c800000| Untracked 
|  92|0x000000060ca00000, 0x000000060ca00000, 0x000000060cc00000|  0%| F|  |TAMS 0x000000060ca00000, 0x000000060ca00000| Untracked 
|  93|0x000000060cc00000, 0x000000060cc00000, 0x000000060ce00000|  0%| F|  |TAMS 0x000000060cc00000, 0x000000060cc00000| Untracked 
|  94|0x000000060ce00000, 0x000000060ce00000, 0x000000060d000000|  0%| F|  |TAMS 0x000000060ce00000, 0x000000060ce00000| Untracked 
|  95|0x000000060d000000, 0x000000060d000000, 0x000000060d200000|  0%| F|  |TAMS 0x000000060d000000, 0x000000060d000000| Untracked 
|  96|0x000000060d200000, 0x000000060d200000, 0x000000060d400000|  0%| F|  |TAMS 0x000000060d200000, 0x000000060d200000| Untracked 
|  97|0x000000060d400000, 0x000000060d400000, 0x000000060d600000|  0%| F|  |TAMS 0x000000060d400000, 0x000000060d400000| Untracked 
|  98|0x000000060d600000, 0x000000060d600000, 0x000000060d800000|  0%| F|  |TAMS 0x000000060d600000, 0x000000060d600000| Untracked 
|  99|0x000000060d800000, 0x000000060d800000, 0x000000060da00000|  0%| F|  |TAMS 0x000000060d800000, 0x000000060d800000| Untracked 
| 100|0x000000060da00000, 0x000000060da00000, 0x000000060dc00000|  0%| F|  |TAMS 0x000000060da00000, 0x000000060da00000| Untracked 
| 101|0x000000060dc00000, 0x000000060dc00000, 0x000000060de00000|  0%| F|  |TAMS 0x000000060dc00000, 0x000000060dc00000| Untracked 
| 102|0x000000060de00000, 0x000000060de00000, 0x000000060e000000|  0%| F|  |TAMS 0x000000060de00000, 0x000000060de00000| Untracked 
| 103|0x000000060e000000, 0x000000060e000000, 0x000000060e200000|  0%| F|  |TAMS 0x000000060e000000, 0x000000060e000000| Untracked 
| 104|0x000000060e200000, 0x000000060e200000, 0x000000060e400000|  0%| F|  |TAMS 0x000000060e200000, 0x000000060e200000| Untracked 
| 105|0x000000060e400000, 0x000000060e400000, 0x000000060e600000|  0%| F|  |TAMS 0x000000060e400000, 0x000000060e400000| Untracked 
| 106|0x000000060e600000, 0x000000060e600000, 0x000000060e800000|  0%| F|  |TAMS 0x000000060e600000, 0x000000060e600000| Untracked 
| 107|0x000000060e800000, 0x000000060e800000, 0x000000060ea00000|  0%| F|  |TAMS 0x000000060e800000, 0x000000060e800000| Untracked 
| 108|0x000000060ea00000, 0x000000060ea00000, 0x000000060ec00000|  0%| F|  |TAMS 0x000000060ea00000, 0x000000060ea00000| Untracked 
| 109|0x000000060ec00000, 0x000000060ec00000, 0x000000060ee00000|  0%| F|  |TAMS 0x000000060ec00000, 0x000000060ec00000| Untracked 
| 110|0x000000060ee00000, 0x000000060ee00000, 0x000000060f000000|  0%| F|  |TAMS 0x000000060ee00000, 0x000000060ee00000| Untracked 
| 111|0x000000060f000000, 0x000000060f000000, 0x000000060f200000|  0%| F|  |TAMS 0x000000060f000000, 0x000000060f000000| Untracked 
| 112|0x000000060f200000, 0x000000060f200000, 0x000000060f400000|  0%| F|  |TAMS 0x000000060f200000, 0x000000060f200000| Untracked 
| 113|0x000000060f400000, 0x000000060f400000, 0x000000060f600000|  0%| F|  |TAMS 0x000000060f400000, 0x000000060f400000| Untracked 
| 114|0x000000060f600000, 0x000000060f600000, 0x000000060f800000|  0%| F|  |TAMS 0x000000060f600000, 0x000000060f600000| Untracked 
| 115|0x000000060f800000, 0x000000060f800000, 0x000000060fa00000|  0%| F|  |TAMS 0x000000060f800000, 0x000000060f800000| Untracked 
| 116|0x000000060fa00000, 0x000000060fa00000, 0x000000060fc00000|  0%| F|  |TAMS 0x000000060fa00000, 0x000000060fa00000| Untracked 
| 117|0x000000060fc00000, 0x000000060fc00000, 0x000000060fe00000|  0%| F|  |TAMS 0x000000060fc00000, 0x000000060fc00000| Untracked 
| 118|0x000000060fe00000, 0x000000060fe00000, 0x0000000610000000|  0%| F|  |TAMS 0x000000060fe00000, 0x000000060fe00000| Untracked 
| 119|0x0000000610000000, 0x0000000610000000, 0x0000000610200000|  0%| F|  |TAMS 0x0000000610000000, 0x0000000610000000| Untracked 
| 120|0x0000000610200000, 0x0000000610200000, 0x0000000610400000|  0%| F|  |TAMS 0x0000000610200000, 0x0000000610200000| Untracked 
| 121|0x0000000610400000, 0x0000000610400000, 0x0000000610600000|  0%| F|  |TAMS 0x0000000610400000, 0x0000000610400000| Untracked 
| 122|0x0000000610600000, 0x0000000610600000, 0x0000000610800000|  0%| F|  |TAMS 0x0000000610600000, 0x0000000610600000| Untracked 
| 123|0x0000000610800000, 0x0000000610800000, 0x0000000610a00000|  0%| F|  |TAMS 0x0000000610800000, 0x0000000610800000| Untracked 
| 124|0x0000000610a00000, 0x0000000610a00000, 0x0000000610c00000|  0%| F|  |TAMS 0x0000000610a00000, 0x0000000610a00000| Untracked 
| 125|0x0000000610c00000, 0x0000000610c00000, 0x0000000610e00000|  0%| F|  |TAMS 0x0000000610c00000, 0x0000000610c00000| Untracked 
| 126|0x0000000610e00000, 0x0000000610e00000, 0x0000000611000000|  0%| F|  |TAMS 0x0000000610e00000, 0x0000000610e00000| Untracked 
| 127|0x0000000611000000, 0x0000000611000000, 0x0000000611200000|  0%| F|  |TAMS 0x0000000611000000, 0x0000000611000000| Untracked 
| 128|0x0000000611200000, 0x0000000611200000, 0x0000000611400000|  0%| F|  |TAMS 0x0000000611200000, 0x0000000611200000| Untracked 
| 129|0x0000000611400000, 0x0000000611400000, 0x0000000611600000|  0%| F|  |TAMS 0x0000000611400000, 0x0000000611400000| Untracked 
| 130|0x0000000611600000, 0x0000000611600000, 0x0000000611800000|  0%| F|  |TAMS 0x0000000611600000, 0x0000000611600000| Untracked 
| 131|0x0000000611800000, 0x0000000611800000, 0x0000000611a00000|  0%| F|  |TAMS 0x0000000611800000, 0x0000000611800000| Untracked 
| 132|0x0000000611a00000, 0x0000000611a00000, 0x0000000611c00000|  0%| F|  |TAMS 0x0000000611a00000, 0x0000000611a00000| Untracked 
| 133|0x0000000611c00000, 0x0000000611c00000, 0x0000000611e00000|  0%| F|  |TAMS 0x0000000611c00000, 0x0000000611c00000| Untracked 
| 134|0x0000000611e00000, 0x0000000611e00000, 0x0000000612000000|  0%| F|  |TAMS 0x0000000611e00000, 0x0000000611e00000| Untracked 
| 135|0x0000000612000000, 0x0000000612000000, 0x0000000612200000|  0%| F|  |TAMS 0x0000000612000000, 0x0000000612000000| Untracked 
| 136|0x0000000612200000, 0x0000000612200000, 0x0000000612400000|  0%| F|  |TAMS 0x0000000612200000, 0x0000000612200000| Untracked 
| 137|0x0000000612400000, 0x0000000612400000, 0x0000000612600000|  0%| F|  |TAMS 0x0000000612400000, 0x0000000612400000| Untracked 
| 138|0x0000000612600000, 0x0000000612600000, 0x0000000612800000|  0%| F|  |TAMS 0x0000000612600000, 0x0000000612600000| Untracked 
| 139|0x0000000612800000, 0x0000000612800000, 0x0000000612a00000|  0%| F|  |TAMS 0x0000000612800000, 0x0000000612800000| Untracked 
| 140|0x0000000612a00000, 0x0000000612a00000, 0x0000000612c00000|  0%| F|  |TAMS 0x0000000612a00000, 0x0000000612a00000| Untracked 
| 141|0x0000000612c00000, 0x0000000612c00000, 0x0000000612e00000|  0%| F|  |TAMS 0x0000000612c00000, 0x0000000612c00000| Untracked 
| 142|0x0000000612e00000, 0x0000000612e00000, 0x0000000613000000|  0%| F|  |TAMS 0x0000000612e00000, 0x0000000612e00000| Untracked 
| 143|0x0000000613000000, 0x0000000613000000, 0x0000000613200000|  0%| F|  |TAMS 0x0000000613000000, 0x0000000613000000| Untracked 
| 144|0x0000000613200000, 0x0000000613200000, 0x0000000613400000|  0%| F|  |TAMS 0x0000000613200000, 0x0000000613200000| Untracked 
| 145|0x0000000613400000, 0x0000000613400000, 0x0000000613600000|  0%| F|  |TAMS 0x0000000613400000, 0x0000000613400000| Untracked 
| 146|0x0000000613600000, 0x0000000613600000, 0x0000000613800000|  0%| F|  |TAMS 0x0000000613600000, 0x0000000613600000| Untracked 
| 147|0x0000000613800000, 0x0000000613800000, 0x0000000613a00000|  0%| F|  |TAMS 0x0000000613800000, 0x0000000613800000| Untracked 
| 148|0x0000000613a00000, 0x0000000613a00000, 0x0000000613c00000|  0%| F|  |TAMS 0x0000000613a00000, 0x0000000613a00000| Untracked 
| 149|0x0000000613c00000, 0x0000000613c00000, 0x0000000613e00000|  0%| F|  |TAMS 0x0000000613c00000, 0x0000000613c00000| Untracked 
| 150|0x0000000613e00000, 0x0000000613e00000, 0x0000000614000000|  0%| F|  |TAMS 0x0000000613e00000, 0x0000000613e00000| Untracked 
| 151|0x0000000614000000, 0x0000000614000000, 0x0000000614200000|  0%| F|  |TAMS 0x0000000614000000, 0x0000000614000000| Untracked 
| 152|0x0000000614200000, 0x0000000614200000, 0x0000000614400000|  0%| F|  |TAMS 0x0000000614200000, 0x0000000614200000| Untracked 
| 153|0x0000000614400000, 0x0000000614400000, 0x0000000614600000|  0%| F|  |TAMS 0x0000000614400000, 0x0000000614400000| Untracked 
| 154|0x0000000614600000, 0x0000000614600000, 0x0000000614800000|  0%| F|  |TAMS 0x0000000614600000, 0x0000000614600000| Untracked 
| 155|0x0000000614800000, 0x0000000614800000, 0x0000000614a00000|  0%| F|  |TAMS 0x0000000614800000, 0x0000000614800000| Untracked 
| 156|0x0000000614a00000, 0x0000000614a00000, 0x0000000614c00000|  0%| F|  |TAMS 0x0000000614a00000, 0x0000000614a00000| Untracked 
| 157|0x0000000614c00000, 0x0000000614c00000, 0x0000000614e00000|  0%| F|  |TAMS 0x0000000614c00000, 0x0000000614c00000| Untracked 
| 158|0x0000000614e00000, 0x0000000614e00000, 0x0000000615000000|  0%| F|  |TAMS 0x0000000614e00000, 0x0000000614e00000| Untracked 
| 159|0x0000000615000000, 0x0000000615000000, 0x0000000615200000|  0%| F|  |TAMS 0x0000000615000000, 0x0000000615000000| Untracked 
| 160|0x0000000615200000, 0x0000000615200000, 0x0000000615400000|  0%| F|  |TAMS 0x0000000615200000, 0x0000000615200000| Untracked 
| 161|0x0000000615400000, 0x0000000615400000, 0x0000000615600000|  0%| F|  |TAMS 0x0000000615400000, 0x0000000615400000| Untracked 
| 162|0x0000000615600000, 0x0000000615600000, 0x0000000615800000|  0%| F|  |TAMS 0x0000000615600000, 0x0000000615600000| Untracked 
| 163|0x0000000615800000, 0x0000000615800000, 0x0000000615a00000|  0%| F|  |TAMS 0x0000000615800000, 0x0000000615800000| Untracked 
| 164|0x0000000615a00000, 0x0000000615a00000, 0x0000000615c00000|  0%| F|  |TAMS 0x0000000615a00000, 0x0000000615a00000| Untracked 
| 165|0x0000000615c00000, 0x0000000615c00000, 0x0000000615e00000|  0%| F|  |TAMS 0x0000000615c00000, 0x0000000615c00000| Untracked 
| 166|0x0000000615e00000, 0x0000000615e00000, 0x0000000616000000|  0%| F|  |TAMS 0x0000000615e00000, 0x0000000615e00000| Untracked 
| 167|0x0000000616000000, 0x0000000616000000, 0x0000000616200000|  0%| F|  |TAMS 0x0000000616000000, 0x0000000616000000| Untracked 
| 168|0x0000000616200000, 0x0000000616200000, 0x0000000616400000|  0%| F|  |TAMS 0x0000000616200000, 0x0000000616200000| Untracked 
| 169|0x0000000616400000, 0x0000000616400000, 0x0000000616600000|  0%| F|  |TAMS 0x0000000616400000, 0x0000000616400000| Untracked 
| 170|0x0000000616600000, 0x0000000616600000, 0x0000000616800000|  0%| F|  |TAMS 0x0000000616600000, 0x0000000616600000| Untracked 
| 171|0x0000000616800000, 0x0000000616800000, 0x0000000616a00000|  0%| F|  |TAMS 0x0000000616800000, 0x0000000616800000| Untracked 
| 172|0x0000000616a00000, 0x0000000616a00000, 0x0000000616c00000|  0%| F|  |TAMS 0x0000000616a00000, 0x0000000616a00000| Untracked 
| 173|0x0000000616c00000, 0x0000000616c00000, 0x0000000616e00000|  0%| F|  |TAMS 0x0000000616c00000, 0x0000000616c00000| Untracked 
| 174|0x0000000616e00000, 0x0000000616e00000, 0x0000000617000000|  0%| F|  |TAMS 0x0000000616e00000, 0x0000000616e00000| Untracked 
| 175|0x0000000617000000, 0x0000000617000000, 0x0000000617200000|  0%| F|  |TAMS 0x0000000617000000, 0x0000000617000000| Untracked 
| 176|0x0000000617200000, 0x0000000617200000, 0x0000000617400000|  0%| F|  |TAMS 0x0000000617200000, 0x0000000617200000| Untracked 
| 177|0x0000000617400000, 0x0000000617400000, 0x0000000617600000|  0%| F|  |TAMS 0x0000000617400000, 0x0000000617400000| Untracked 
| 178|0x0000000617600000, 0x0000000617600000, 0x0000000617800000|  0%| F|  |TAMS 0x0000000617600000, 0x0000000617600000| Untracked 
| 179|0x0000000617800000, 0x0000000617800000, 0x0000000617a00000|  0%| F|  |TAMS 0x0000000617800000, 0x0000000617800000| Untracked 
| 180|0x0000000617a00000, 0x0000000617a00000, 0x0000000617c00000|  0%| F|  |TAMS 0x0000000617a00000, 0x0000000617a00000| Untracked 
| 181|0x0000000617c00000, 0x0000000617c00000, 0x0000000617e00000|  0%| F|  |TAMS 0x0000000617c00000, 0x0000000617c00000| Untracked 
| 182|0x0000000617e00000, 0x0000000617e00000, 0x0000000618000000|  0%| F|  |TAMS 0x0000000617e00000, 0x0000000617e00000| Untracked 
| 183|0x0000000618000000, 0x0000000618000000, 0x0000000618200000|  0%| F|  |TAMS 0x0000000618000000, 0x0000000618000000| Untracked 
| 184|0x0000000618200000, 0x0000000618200000, 0x0000000618400000|  0%| F|  |TAMS 0x0000000618200000, 0x0000000618200000| Untracked 
| 185|0x0000000618400000, 0x0000000618400000, 0x0000000618600000|  0%| F|  |TAMS 0x0000000618400000, 0x0000000618400000| Untracked 
| 186|0x0000000618600000, 0x0000000618600000, 0x0000000618800000|  0%| F|  |TAMS 0x0000000618600000, 0x0000000618600000| Untracked 
| 187|0x0000000618800000, 0x0000000618800000, 0x0000000618a00000|  0%| F|  |TAMS 0x0000000618800000, 0x0000000618800000| Untracked 
| 188|0x0000000618a00000, 0x0000000618a00000, 0x0000000618c00000|  0%| F|  |TAMS 0x0000000618a00000, 0x0000000618a00000| Untracked 
| 189|0x0000000618c00000, 0x0000000618c00000, 0x0000000618e00000|  0%| F|  |TAMS 0x0000000618c00000, 0x0000000618c00000| Untracked 
| 190|0x0000000618e00000, 0x0000000618e00000, 0x0000000619000000|  0%| F|  |TAMS 0x0000000618e00000, 0x0000000618e00000| Untracked 
| 191|0x0000000619000000, 0x0000000619000000, 0x0000000619200000|  0%| F|  |TAMS 0x0000000619000000, 0x0000000619000000| Untracked 
| 192|0x0000000619200000, 0x0000000619200000, 0x0000000619400000|  0%| F|  |TAMS 0x0000000619200000, 0x0000000619200000| Untracked 
| 193|0x0000000619400000, 0x0000000619400000, 0x0000000619600000|  0%| F|  |TAMS 0x0000000619400000, 0x0000000619400000| Untracked 
| 194|0x0000000619600000, 0x0000000619600000, 0x0000000619800000|  0%| F|  |TAMS 0x0000000619600000, 0x0000000619600000| Untracked 
| 195|0x0000000619800000, 0x0000000619800000, 0x0000000619a00000|  0%| F|  |TAMS 0x0000000619800000, 0x0000000619800000| Untracked 
| 196|0x0000000619a00000, 0x0000000619a00000, 0x0000000619c00000|  0%| F|  |TAMS 0x0000000619a00000, 0x0000000619a00000| Untracked 
| 197|0x0000000619c00000, 0x0000000619c00000, 0x0000000619e00000|  0%| F|  |TAMS 0x0000000619c00000, 0x0000000619c00000| Untracked 
| 198|0x0000000619e00000, 0x0000000619e00000, 0x000000061a000000|  0%| F|  |TAMS 0x0000000619e00000, 0x0000000619e00000| Untracked 
| 199|0x000000061a000000, 0x000000061a000000, 0x000000061a200000|  0%| F|  |TAMS 0x000000061a000000, 0x000000061a000000| Untracked 
| 200|0x000000061a200000, 0x000000061a200000, 0x000000061a400000|  0%| F|  |TAMS 0x000000061a200000, 0x000000061a200000| Untracked 
| 201|0x000000061a400000, 0x000000061a400000, 0x000000061a600000|  0%| F|  |TAMS 0x000000061a400000, 0x000000061a400000| Untracked 
| 202|0x000000061a600000, 0x000000061a600000, 0x000000061a800000|  0%| F|  |TAMS 0x000000061a600000, 0x000000061a600000| Untracked 
| 203|0x000000061a800000, 0x000000061a800000, 0x000000061aa00000|  0%| F|  |TAMS 0x000000061a800000, 0x000000061a800000| Untracked 
| 204|0x000000061aa00000, 0x000000061aa00000, 0x000000061ac00000|  0%| F|  |TAMS 0x000000061aa00000, 0x000000061aa00000| Untracked 
| 205|0x000000061ac00000, 0x000000061ac00000, 0x000000061ae00000|  0%| F|  |TAMS 0x000000061ac00000, 0x000000061ac00000| Untracked 
| 206|0x000000061ae00000, 0x000000061ae00000, 0x000000061b000000|  0%| F|  |TAMS 0x000000061ae00000, 0x000000061ae00000| Untracked 
| 207|0x000000061b000000, 0x000000061b000000, 0x000000061b200000|  0%| F|  |TAMS 0x000000061b000000, 0x000000061b000000| Untracked 
| 208|0x000000061b200000, 0x000000061b200000, 0x000000061b400000|  0%| F|  |TAMS 0x000000061b200000, 0x000000061b200000| Untracked 
| 209|0x000000061b400000, 0x000000061b400000, 0x000000061b600000|  0%| F|  |TAMS 0x000000061b400000, 0x000000061b400000| Untracked 
| 210|0x000000061b600000, 0x000000061b600000, 0x000000061b800000|  0%| F|  |TAMS 0x000000061b600000, 0x000000061b600000| Untracked 
| 211|0x000000061b800000, 0x000000061b800000, 0x000000061ba00000|  0%| F|  |TAMS 0x000000061b800000, 0x000000061b800000| Untracked 
| 212|0x000000061ba00000, 0x000000061ba00000, 0x000000061bc00000|  0%| F|  |TAMS 0x000000061ba00000, 0x000000061ba00000| Untracked 
| 213|0x000000061bc00000, 0x000000061bc00000, 0x000000061be00000|  0%| F|  |TAMS 0x000000061bc00000, 0x000000061bc00000| Untracked 
| 214|0x000000061be00000, 0x000000061be00000, 0x000000061c000000|  0%| F|  |TAMS 0x000000061be00000, 0x000000061be00000| Untracked 
| 215|0x000000061c000000, 0x000000061c000000, 0x000000061c200000|  0%| F|  |TAMS 0x000000061c000000, 0x000000061c000000| Untracked 
| 216|0x000000061c200000, 0x000000061c200000, 0x000000061c400000|  0%| F|  |TAMS 0x000000061c200000, 0x000000061c200000| Untracked 
| 217|0x000000061c400000, 0x000000061c400000, 0x000000061c600000|  0%| F|  |TAMS 0x000000061c400000, 0x000000061c400000| Untracked 
| 218|0x000000061c600000, 0x000000061c600000, 0x000000061c800000|  0%| F|  |TAMS 0x000000061c600000, 0x000000061c600000| Untracked 
| 219|0x000000061c800000, 0x000000061c800000, 0x000000061ca00000|  0%| F|  |TAMS 0x000000061c800000, 0x000000061c800000| Untracked 
| 220|0x000000061ca00000, 0x000000061ca00000, 0x000000061cc00000|  0%| F|  |TAMS 0x000000061ca00000, 0x000000061ca00000| Untracked 
| 221|0x000000061cc00000, 0x000000061cc00000, 0x000000061ce00000|  0%| F|  |TAMS 0x000000061cc00000, 0x000000061cc00000| Untracked 
| 222|0x000000061ce00000, 0x000000061ce00000, 0x000000061d000000|  0%| F|  |TAMS 0x000000061ce00000, 0x000000061ce00000| Untracked 
| 223|0x000000061d000000, 0x000000061d000000, 0x000000061d200000|  0%| F|  |TAMS 0x000000061d000000, 0x000000061d000000| Untracked 
| 224|0x000000061d200000, 0x000000061d200000, 0x000000061d400000|  0%| F|  |TAMS 0x000000061d200000, 0x000000061d200000| Untracked 
| 225|0x000000061d400000, 0x000000061d400000, 0x000000061d600000|  0%| F|  |TAMS 0x000000061d400000, 0x000000061d400000| Untracked 
| 226|0x000000061d600000, 0x000000061d600000, 0x000000061d800000|  0%| F|  |TAMS 0x000000061d600000, 0x000000061d600000| Untracked 
| 227|0x000000061d800000, 0x000000061d800000, 0x000000061da00000|  0%| F|  |TAMS 0x000000061d800000, 0x000000061d800000| Untracked 
| 228|0x000000061da00000, 0x000000061da00000, 0x000000061dc00000|  0%| F|  |TAMS 0x000000061da00000, 0x000000061da00000| Untracked 
| 229|0x000000061dc00000, 0x000000061dc00000, 0x000000061de00000|  0%| F|  |TAMS 0x000000061dc00000, 0x000000061dc00000| Untracked 
| 230|0x000000061de00000, 0x000000061de00000, 0x000000061e000000|  0%| F|  |TAMS 0x000000061de00000, 0x000000061de00000| Untracked 
| 231|0x000000061e000000, 0x000000061e000000, 0x000000061e200000|  0%| F|  |TAMS 0x000000061e000000, 0x000000061e000000| Untracked 
| 232|0x000000061e200000, 0x000000061e200000, 0x000000061e400000|  0%| F|  |TAMS 0x000000061e200000, 0x000000061e200000| Untracked 
| 233|0x000000061e400000, 0x000000061e400000, 0x000000061e600000|  0%| F|  |TAMS 0x000000061e400000, 0x000000061e400000| Untracked 
| 234|0x000000061e600000, 0x000000061e600000, 0x000000061e800000|  0%| F|  |TAMS 0x000000061e600000, 0x000000061e600000| Untracked 
| 235|0x000000061e800000, 0x000000061e800000, 0x000000061ea00000|  0%| F|  |TAMS 0x000000061e800000, 0x000000061e800000| Untracked 
| 236|0x000000061ea00000, 0x000000061ea00000, 0x000000061ec00000|  0%| F|  |TAMS 0x000000061ea00000, 0x000000061ea00000| Untracked 
| 237|0x000000061ec00000, 0x000000061ec00000, 0x000000061ee00000|  0%| F|  |TAMS 0x000000061ec00000, 0x000000061ec00000| Untracked 
| 238|0x000000061ee00000, 0x000000061ee00000, 0x000000061f000000|  0%| F|  |TAMS 0x000000061ee00000, 0x000000061ee00000| Untracked 
| 239|0x000000061f000000, 0x000000061f000000, 0x000000061f200000|  0%| F|  |TAMS 0x000000061f000000, 0x000000061f000000| Untracked 
| 240|0x000000061f200000, 0x000000061f200000, 0x000000061f400000|  0%| F|  |TAMS 0x000000061f200000, 0x000000061f200000| Untracked 
| 241|0x000000061f400000, 0x000000061f400000, 0x000000061f600000|  0%| F|  |TAMS 0x000000061f400000, 0x000000061f400000| Untracked 
| 242|0x000000061f600000, 0x000000061f600000, 0x000000061f800000|  0%| F|  |TAMS 0x000000061f600000, 0x000000061f600000| Untracked 
| 243|0x000000061f800000, 0x000000061f800000, 0x000000061fa00000|  0%| F|  |TAMS 0x000000061f800000, 0x000000061f800000| Untracked 
| 244|0x000000061fa00000, 0x000000061fa00000, 0x000000061fc00000|  0%| F|  |TAMS 0x000000061fa00000, 0x000000061fa00000| Untracked 
| 245|0x000000061fc00000, 0x000000061fc00000, 0x000000061fe00000|  0%| F|  |TAMS 0x000000061fc00000, 0x000000061fc00000| Untracked 
| 246|0x000000061fe00000, 0x000000061fe00000, 0x0000000620000000|  0%| F|  |TAMS 0x000000061fe00000, 0x000000061fe00000| Untracked 
| 247|0x0000000620000000, 0x0000000620000000, 0x0000000620200000|  0%| F|  |TAMS 0x0000000620000000, 0x0000000620000000| Untracked 
| 248|0x0000000620200000, 0x0000000620200000, 0x0000000620400000|  0%| F|  |TAMS 0x0000000620200000, 0x0000000620200000| Untracked 
| 249|0x0000000620400000, 0x0000000620400000, 0x0000000620600000|  0%| F|  |TAMS 0x0000000620400000, 0x0000000620400000| Untracked 
| 250|0x0000000620600000, 0x0000000620600000, 0x0000000620800000|  0%| F|  |TAMS 0x0000000620600000, 0x0000000620600000| Untracked 
| 251|0x0000000620800000, 0x0000000620800000, 0x0000000620a00000|  0%| F|  |TAMS 0x0000000620800000, 0x0000000620800000| Untracked 
| 252|0x0000000620a00000, 0x0000000620b75798, 0x0000000620c00000| 72%| E|  |TAMS 0x0000000620a00000, 0x0000000620a00000| Complete 
| 253|0x0000000620c00000, 0x0000000620e00000, 0x0000000620e00000|100%| E|CS|TAMS 0x0000000620c00000, 0x0000000620c00000| Complete 
| 254|0x0000000620e00000, 0x0000000621000000, 0x0000000621000000|100%| E|CS|TAMS 0x0000000620e00000, 0x0000000620e00000| Complete 
| 255|0x0000000621000000, 0x0000000621200000, 0x0000000621200000|100%| E|CS|TAMS 0x0000000621000000, 0x0000000621000000| Complete 

Card table byte_map: [0x0000021d5fe80000,0x0000021d60e80000] _byte_map_base: 0x0000021d5ce77000

Marking Bits (Prev, Next): (CMBitMap*) 0x0000021d4b9a53d8, (CMBitMap*) 0x0000021d4b9a5418
 Prev Bits: [0x0000021d61e80000, 0x0000021d69e38000)
 Next Bits: [0x0000021d69e40000, 0x0000021d71df8000)

Polling page: 0x0000021d49910000

Metaspace:

Usage:
  Non-class:      8.82 MB capacity,     8.68 MB ( 98%) used,   134.70 KB (  1%) free+waste,     8.06 KB ( <1%) overhead. 
      Class:    906.00 KB capacity,   868.91 KB ( 96%) used,    34.02 KB (  4%) free+waste,     3.06 KB ( <1%) overhead. 
       Both:      9.71 MB capacity,     9.53 MB ( 98%) used,   168.73 KB (  2%) free+waste,    11.13 KB ( <1%) overhead. 

Virtual space:
  Non-class space:       10.00 MB reserved,       9.00 MB ( 90%) committed 
      Class space:        1.00 GB reserved,       1.00 MB ( <1%) committed 
             Both:        1.01 GB reserved,      10.00 MB ( <1%) committed 

Chunk freelists:
   Non-Class:  52.00 KB
       Class:  22.00 KB
        Both:  74.00 KB

MaxMetaspaceSize: 17179869184.00 GB
CompressedClassSpaceSize: 1.00 GB

CodeHeap 'non-profiled nmethods': size=119168Kb used=148Kb max_used=148Kb free=119019Kb
 bounds [0x0000021d57190000, 0x0000021d57400000, 0x0000021d5e5f0000]
CodeHeap 'profiled nmethods': size=119104Kb used=740Kb max_used=740Kb free=118363Kb
 bounds [0x0000021d4fd40000, 0x0000021d4ffb0000, 0x0000021d57190000]
CodeHeap 'non-nmethods': size=7488Kb used=1229Kb max_used=1808Kb free=6258Kb
 bounds [0x0000021d4f5f0000, 0x0000021d4f860000, 0x0000021d4fd40000]
 total_blobs=874 nmethods=483 adapters=304
 compilation: enabled
              stopped_count=0, restarted_count=0
 full_count=0

Compilation events (20 events):
Event: 12.848 Thread 0x0000021d75944800  476       3       org.eclipse.jdt.launching.internal.org.objectweb.asm.ClassReader::getItem (7 bytes)
Event: 12.848 Thread 0x0000021d75944800 nmethod 476 0x0000021d4fdf7210 code [0x0000021d4fdf73a0, 0x0000021d4fdf74d8]
Event: 12.848 Thread 0x0000021d75944800  477       3       org.eclipse.jdt.launching.internal.org.objectweb.asm.Symbol::<init> (38 bytes)
Event: 12.850 Thread 0x0000021d75944800 

Event: 12.850 Thread 0x0000021d75944800  478       3       org.eclipse.jdt.launching.internal.org.objectweb.asm.SymbolTable::add (39 bytes)
Event: 12.850 Thread 0x0000021d75944800 nmethod 478 0x0000021d4fdf7590 code [0x0000021d4fdf7740, 0x0000021d4fdf7ab8]
Event: 12.850 Thread 0x0000021d75944800  479       3       org.eclipse.jdt.launching.internal.org.objectweb.asm.ClassReader::readUTF8 (23 bytes)
Event: 12.850 Thread 0x0000021d75944800 nmethod 479 0x0000021d4fdf7c10 code [0x0000021d4fdf7dc0, 0x0000021d4fdf8068]
Event: 12.850 Thread 0x0000021d75944800  481       3       org.eclipse.jdt.launching.internal.org.objectweb.asm.SymbolTable$Entry::<init> (17 bytes)
Event: 12.850 Thread 0x0000021d75944800 nmethod 481 0x0000021d4fdf8210 code [0x0000021d4fdf83c0, 0x0000021d4fdf8548]
Event: 31.503 Thread 0x0000021d75944800  482       3       org.eclipse.jdt.launching.internal.org.objectweb.asm.SymbolTable::addConstantUtf8 (20 bytes)
Event: 31.504 Thread 0x0000021d75944800 nmethod 482 0x0000021d4fdf8610 code [0x0000021d4fdf87e0, 0x0000021d4fdf8b48]
Event: 31.504 Thread 0x0000021d75944800  483       3       org.eclipse.jdt.launching.internal.org.objectweb.asm.Symbol::<init> (38 bytes)
Event: 31.505 Thread 0x0000021d75944800 

Event: 157.319 Thread 0x0000021d75940800  484       4       org.eclipse.jdt.launching.internal.org.objectweb.asm.ClassReader::readUnsignedShort (26 bytes)
Event: 157.319 Thread 0x0000021d75944800  485       3       org.eclipse.jdt.launching.internal.org.objectweb.asm.Symbol::<init> (38 bytes)
Event: 157.320 Thread 0x0000021d75944800 nmethod 485 0x0000021d4fdf8d10 code [0x0000021d4fdf8ec0, 0x0000021d4fdf9158]
Event: 157.321 Thread 0x0000021d75940800 

Event: 234.006 Thread 0x0000021d75944800  486       1       java.security.ProtectionDomain::getCodeSource (5 bytes)
Event: 234.006 Thread 0x0000021d75944800 nmethod 486 0x0000021d571b5090 code [0x0000021d571b5220, 0x0000021d571b52d8]

GC Heap History (0 events):
No events

Deoptimization events (20 events):
Event: 0.323 Thread 0x0000021d4b91f000 DEOPT PACKING pc=0x0000021d4fdc4938 sp=0x0000006568ff7d20
Event: 0.323 Thread 0x0000021d4b91f000 DEOPT UNPACKING pc=0x0000021d4f63964e sp=0x0000006568ff71e8 mode 0
Event: 0.324 Thread 0x0000021d4b91f000 DEOPT PACKING pc=0x0000021d4fdc4938 sp=0x0000006568ff7d20
Event: 0.324 Thread 0x0000021d4b91f000 DEOPT UNPACKING pc=0x0000021d4f63964e sp=0x0000006568ff71e8 mode 0
Event: 0.325 Thread 0x0000021d4b91f000 DEOPT PACKING pc=0x0000021d4fdc4938 sp=0x0000006568ff7d20
Event: 0.325 Thread 0x0000021d4b91f000 DEOPT UNPACKING pc=0x0000021d4f63964e sp=0x0000006568ff71e8 mode 0
Event: 0.328 Thread 0x0000021d4b91f000 DEOPT PACKING pc=0x0000021d4fdc4938 sp=0x0000006568ffb800
Event: 0.328 Thread 0x0000021d4b91f000 DEOPT UNPACKING pc=0x0000021d4f63964e sp=0x0000006568ffacc8 mode 0
Event: 0.328 Thread 0x0000021d4b91f000 DEOPT PACKING pc=0x0000021d4fdc4938 sp=0x0000006568ffb800
Event: 0.328 Thread 0x0000021d4b91f000 DEOPT UNPACKING pc=0x0000021d4f63964e sp=0x0000006568ffacc8 mode 0
Event: 0.328 Thread 0x0000021d4b91f000 DEOPT PACKING pc=0x0000021d4fdc4938 sp=0x0000006568ffb800
Event: 0.328 Thread 0x0000021d4b91f000 DEOPT UNPACKING pc=0x0000021d4f63964e sp=0x0000006568ffacc8 mode 0
Event: 0.335 Thread 0x0000021d4b91f000 DEOPT PACKING pc=0x0000021d4fdc4938 sp=0x0000006568ff7910
Event: 0.335 Thread 0x0000021d4b91f000 DEOPT UNPACKING pc=0x0000021d4f63964e sp=0x0000006568ff6dd8 mode 0
Event: 0.335 Thread 0x0000021d4b91f000 DEOPT PACKING pc=0x0000021d4fdc4938 sp=0x0000006568ff7910
Event: 0.335 Thread 0x0000021d4b91f000 DEOPT UNPACKING pc=0x0000021d4f63964e sp=0x0000006568ff6dd8 mode 0
Event: 0.335 Thread 0x0000021d4b91f000 DEOPT PACKING pc=0x0000021d4fdc4938 sp=0x0000006568ff7910
Event: 0.335 Thread 0x0000021d4b91f000 DEOPT UNPACKING pc=0x0000021d4f63964e sp=0x0000006568ff6dd8 mode 0
Event: 0.336 Thread 0x0000021d4b91f000 DEOPT PACKING pc=0x0000021d4fdc4938 sp=0x0000006568ff7910
Event: 0.336 Thread 0x0000021d4b91f000 DEOPT UNPACKING pc=0x0000021d4f63964e sp=0x0000006568ff6dd8 mode 0

Classes unloaded (0 events):
No events

Classes redefined (5 events):
Event: 3.225 Thread 0x0000021d758e4000 redefined class name=main.FileReader, count=1
Event: 12.849 Thread 0x0000021d758e4000 redefined class name=main.FileReader, count=2
Event: 31.504 Thread 0x0000021d758e4000 redefined class name=main.FileReader, count=3
Event: 157.320 Thread 0x0000021d758e4000 redefined class name=main.FileReader, count=4
Event: 234.007 Thread 0x0000021d758e4000 redefined class name=main.FileReader, count=5

Internal exceptions (0 events):
No events

Events (20 events):
Event: 176.647 Executing VM operation: GetOwnedMonitorInfo done
Event: 182.295 Executing VM operation: GetCurrentContendedMonitor
Event: 182.295 Executing VM operation: GetCurrentContendedMonitor done
Event: 182.295 Executing VM operation: GetOwnedMonitorInfo
Event: 182.295 Executing VM operation: GetOwnedMonitorInfo done
Event: 185.494 Executing VM operation: GetCurrentContendedMonitor
Event: 185.494 Executing VM operation: GetCurrentContendedMonitor done
Event: 185.494 Executing VM operation: GetOwnedMonitorInfo
Event: 185.494 Executing VM operation: GetOwnedMonitorInfo done
Event: 186.167 Executing VM operation: GetCurrentContendedMonitor
Event: 186.167 Executing VM operation: GetCurrentContendedMonitor done
Event: 186.167 Executing VM operation: GetOwnedMonitorInfo
Event: 186.167 Executing VM operation: GetOwnedMonitorInfo done
Event: 186.446 Executing VM operation: GetFrameCount
Event: 186.446 Executing VM operation: GetFrameCount done
Event: 186.446 Executing VM operation: GetOwnedMonitorInfo
Event: 186.446 Executing VM operation: GetOwnedMonitorInfo done
Event: 186.446 Executing VM operation: GetCurrentContendedMonitor
Event: 186.446 Executing VM operation: GetCurrentContendedMonitor done
Event: 234.007 Executing VM operation: RedefineClasses


Dynamic libraries:
0x00007ff6b0100000 - 0x00007ff6b010d000 	C:\Users\Raynier\.p2\pool\plugins\org.eclipse.justj.openjdk.hotspot.jre.full.win32.x86_64_14.0.2.v20200815-0932\jre\bin\javaw.exe
0x00007ffd8bf30000 - 0x00007ffd8c128000 	C:\Windows\SYSTEM32\ntdll.dll
0x00007ffd8ba60000 - 0x00007ffd8bb1f000 	C:\Windows\System32\KERNEL32.DLL
0x00007ffd89a80000 - 0x00007ffd89d76000 	C:\Windows\System32\KERNELBASE.dll
0x00007ffd89700000 - 0x00007ffd89800000 	C:\Windows\System32\ucrtbase.dll
0x00007ffd6aa10000 - 0x00007ffd6aa28000 	C:\Users\Raynier\.p2\pool\plugins\org.eclipse.justj.openjdk.hotspot.jre.full.win32.x86_64_14.0.2.v20200815-0932\jre\bin\jli.dll
0x00007ffd6ab70000 - 0x00007ffd6ab85000 	C:\Users\Raynier\.p2\pool\plugins\org.eclipse.justj.openjdk.hotspot.jre.full.win32.x86_64_14.0.2.v20200815-0932\jre\bin\VCRUNTIME140.dll
0x00007ffd89f90000 - 0x00007ffd8a12d000 	C:\Windows\System32\USER32.dll
0x00007ffd799f0000 - 0x00007ffd79c8a000 	C:\Windows\WinSxS\amd64_microsoft.windows.common-controls_6595b64144ccf1df_6.0.19041.1110_none_60b5254171f9507e\COMCTL32.dll
0x00007ffd89d80000 - 0x00007ffd89da2000 	C:\Windows\System32\win32u.dll
0x00007ffd8b750000 - 0x00007ffd8b77c000 	C:\Windows\System32\GDI32.dll
0x00007ffd8aa70000 - 0x00007ffd8ab0e000 	C:\Windows\System32\msvcrt.dll
0x00007ffd89960000 - 0x00007ffd89a75000 	C:\Windows\System32\gdi32full.dll
0x00007ffd89660000 - 0x00007ffd896fd000 	C:\Windows\System32\msvcp_win.dll
0x00007ffd8b8b0000 - 0x00007ffd8b8e0000 	C:\Windows\System32\IMM32.DLL
0x00007ffd23c00000 - 0x00007ffd23c9b000 	C:\Users\Raynier\.p2\pool\plugins\org.eclipse.justj.openjdk.hotspot.jre.full.win32.x86_64_14.0.2.v20200815-0932\jre\bin\msvcp140.dll
0x00007ffcdb4f0000 - 0x00007ffcdc00e000 	C:\Users\Raynier\.p2\pool\plugins\org.eclipse.justj.openjdk.hotspot.jre.full.win32.x86_64_14.0.2.v20200815-0932\jre\bin\server\jvm.dll
0x00007ffd8b9b0000 - 0x00007ffd8ba5f000 	C:\Windows\System32\ADVAPI32.dll
0x00007ffd8b780000 - 0x00007ffd8b81c000 	C:\Windows\System32\sechost.dll
0x00007ffd8ae60000 - 0x00007ffd8af86000 	C:\Windows\System32\RPCRT4.dll
0x00007ffd8bc40000 - 0x00007ffd8bc48000 	C:\Windows\System32\PSAPI.DLL
0x00007ffd81630000 - 0x00007ffd8163a000 	C:\Windows\SYSTEM32\VERSION.dll
0x00007ffd7a460000 - 0x00007ffd7a487000 	C:\Windows\SYSTEM32\WINMM.dll
0x00007ffd6cdd0000 - 0x00007ffd6cdd9000 	C:\Windows\SYSTEM32\WSOCK32.dll
0x00007ffd8ab10000 - 0x00007ffd8ab7b000 	C:\Windows\System32\WS2_32.dll
0x00007ffd87e30000 - 0x00007ffd87e42000 	C:\Windows\SYSTEM32\kernel.appcore.dll
0x00007ffd712b0000 - 0x00007ffd712ba000 	C:\Users\Raynier\.p2\pool\plugins\org.eclipse.justj.openjdk.hotspot.jre.full.win32.x86_64_14.0.2.v20200815-0932\jre\bin\jimage.dll
0x00007ffd87050000 - 0x00007ffd87234000 	C:\Windows\SYSTEM32\DBGHELP.DLL
0x00007ffd7eda0000 - 0x00007ffd7edd4000 	C:\Windows\SYSTEM32\dbgcore.DLL
0x00007ffd89db0000 - 0x00007ffd89e32000 	C:\Windows\System32\bcryptPrimitives.dll
0x00007ffd7e560000 - 0x00007ffd7e598000 	C:\Users\Raynier\.p2\pool\plugins\org.eclipse.justj.openjdk.hotspot.jre.full.win32.x86_64_14.0.2.v20200815-0932\jre\bin\jdwp.dll
0x00007ffd64540000 - 0x00007ffd64565000 	C:\Users\Raynier\.p2\pool\plugins\org.eclipse.justj.openjdk.hotspot.jre.full.win32.x86_64_14.0.2.v20200815-0932\jre\bin\java.dll
0x00007ffd852a0000 - 0x00007ffd852ae000 	C:\Users\Raynier\.p2\pool\plugins\org.eclipse.justj.openjdk.hotspot.jre.full.win32.x86_64_14.0.2.v20200815-0932\jre\bin\instrument.dll
0x00007ffd6ab40000 - 0x00007ffd6ab56000 	C:\Users\Raynier\.p2\pool\plugins\org.eclipse.justj.openjdk.hotspot.jre.full.win32.x86_64_14.0.2.v20200815-0932\jre\bin\zip.dll
0x00007ffd8afa0000 - 0x00007ffd8b6e4000 	C:\Windows\System32\SHELL32.dll
0x00007ffd87690000 - 0x00007ffd87e23000 	C:\Windows\SYSTEM32\windows.storage.dll
0x00007ffd8a5a0000 - 0x00007ffd8a8f4000 	C:\Windows\System32\combase.dll
0x00007ffd88f90000 - 0x00007ffd88fbe000 	C:\Windows\SYSTEM32\Wldp.dll
0x00007ffd8b900000 - 0x00007ffd8b9ad000 	C:\Windows\System32\SHCORE.dll
0x00007ffd8be90000 - 0x00007ffd8bee5000 	C:\Windows\System32\shlwapi.dll
0x00007ffd89550000 - 0x00007ffd8956f000 	C:\Windows\SYSTEM32\profapi.dll
0x00007ffd7e750000 - 0x00007ffd7e75b000 	C:\Users\Raynier\.p2\pool\plugins\org.eclipse.justj.openjdk.hotspot.jre.full.win32.x86_64_14.0.2.v20200815-0932\jre\bin\dt_socket.dll
0x00007ffd88a30000 - 0x00007ffd88a6c000 	C:\Windows\SYSTEM32\IPHLPAPI.DLL
0x00007ffd88d70000 - 0x00007ffd88dda000 	C:\Windows\system32\mswsock.dll
0x00007ffd88a70000 - 0x00007ffd88b3b000 	C:\Windows\SYSTEM32\DNSAPI.dll
0x00007ffd8bc50000 - 0x00007ffd8bc58000 	C:\Windows\System32\NSI.dll
0x00007ffd837e0000 - 0x00007ffd837ea000 	C:\Windows\System32\rasadhlp.dll
0x00007ffd7faa0000 - 0x00007ffd7fb22000 	C:\Windows\System32\fwpuclnt.dll
0x00007ffd89f60000 - 0x00007ffd89f87000 	C:\Windows\System32\bcrypt.dll
0x00007ffd621b0000 - 0x00007ffd621c9000 	C:\Users\Raynier\.p2\pool\plugins\org.eclipse.justj.openjdk.hotspot.jre.full.win32.x86_64_14.0.2.v20200815-0932\jre\bin\net.dll
0x00007ffd827d0000 - 0x00007ffd828da000 	C:\Windows\SYSTEM32\WINHTTP.dll
0x00007ffd5d150000 - 0x00007ffd5d162000 	C:\Users\Raynier\.p2\pool\plugins\org.eclipse.justj.openjdk.hotspot.jre.full.win32.x86_64_14.0.2.v20200815-0932\jre\bin\nio.dll
0x00007ffd703c0000 - 0x00007ffd703d0000 	C:\Users\Raynier\.p2\pool\plugins\org.eclipse.justj.openjdk.hotspot.jre.full.win32.x86_64_14.0.2.v20200815-0932\jre\bin\verify.dll

dbghelp: loaded successfully - version: 4.0.5 - missing functions: none
symbol engine: initialized successfully - sym options: 0x614 - pdb path: .;C:\Users\Raynier\.p2\pool\plugins\org.eclipse.justj.openjdk.hotspot.jre.full.win32.x86_64_14.0.2.v20200815-0932\jre\bin;C:\Windows\SYSTEM32;C:\Windows\WinSxS\amd64_microsoft.windows.common-controls_6595b64144ccf1df_6.0.19041.1110_none_60b5254171f9507e;C:\Users\Raynier\.p2\pool\plugins\org.eclipse.justj.openjdk.hotspot.jre.full.win32.x86_64_14.0.2.v20200815-0932\jre\bin\server

VM Arguments:
jvm_args: -XX:+ShowCodeDetailsInExceptionMessages -agentlib:jdwp=transport=dt_socket,suspend=y,address=localhost:53878 -javaagent:C:\Users\Raynier\eclipse\jee-2020-09\eclipse\configuration\org.eclipse.osgi\406\0\.cp\lib\javaagent-shaded.jar -Dfile.encoding=Cp1252 
java_command: main.FileReader
java_class_path (initial): D:\~Coding\Eclipse\FileReader\bin
Launcher Type: SUN_STANDARD

[Global flags]
     intx CICompilerCount                          = 12                                        {product} {ergonomic}
     uint ConcGCThreads                            = 3                                         {product} {ergonomic}
     uint G1ConcRefinementThreads                  = 13                                        {product} {ergonomic}
   size_t G1HeapRegionSize                         = 2097152                                   {product} {ergonomic}
    uintx GCDrainStackTargetSize                   = 64                                        {product} {ergonomic}
   size_t InitialHeapSize                          = 536870912                                 {product} {ergonomic}
   size_t MarkStackSize                            = 4194304                                   {product} {ergonomic}
   size_t MaxHeapSize                              = 8571060224                                {product} {ergonomic}
   size_t MaxNewSize                               = 5142216704                                {product} {ergonomic}
   size_t MinHeapDeltaBytes                        = 2097152                                   {product} {ergonomic}
   size_t MinHeapSize                              = 8388608                                   {product} {ergonomic}
    uintx NonNMethodCodeHeapSize                   = 7602480                                {pd product} {ergonomic}
    uintx NonProfiledCodeHeapSize                  = 122027880                              {pd product} {ergonomic}
    uintx ProfiledCodeHeapSize                     = 122027880                              {pd product} {ergonomic}
    uintx ReservedCodeCacheSize                    = 251658240                              {pd product} {ergonomic}
     bool SegmentedCodeCache                       = true                                      {product} {ergonomic}
     bool ShowCodeDetailsInExceptionMessages       = true                                   {manageable} {command line}
   size_t SoftMaxHeapSize                          = 8571060224                             {manageable} {ergonomic}
     bool UseCompressedClassPointers               = true                                 {lp64_product} {ergonomic}
     bool UseCompressedOops                        = true                                 {lp64_product} {ergonomic}
     bool UseG1GC                                  = true                                      {product} {ergonomic}
     bool UseLargePagesIndividualAllocation        = false                                  {pd product} {ergonomic}

Logging:
Log output configuration:
 #0: stdout all=warning uptime,level,tags
 #1: stderr all=off uptime,level,tags

Environment Variables:
JAVA_HOME=C:\Program Files\Java\jdk-11.0.17
PATH=C:\Users\Raynier\.p2\pool\plugins\org.eclipse.justj.openjdk.hotspot.jre.full.win32.x86_64_14.0.2.v20200815-0932\jre\bin;C:/Users/Raynier/.p2/pool/plugins/org.eclipse.justj.openjdk.hotspot.jre.full.win32.x86_64_14.0.2.v20200815-0932/jre/bin/server;C:/Users/Raynier/.p2/pool/plugins/org.eclipse.justj.openjdk.hotspot.jre.full.win32.x86_64_14.0.2.v20200815-0932/jre/bin;C:\Program Files\Common Files\Oracle\Java\javapath;C:\Program Files (x86)\Common Files\Oracle\Java\javapath;C:\Program Files (x86)\Razer Chroma SDK\bin;C:\Program Files\Razer Chroma SDK\bin;C:\Program Files (x86)\Razer\ChromaBroadcast\bin;C:\Program Files\Razer\ChromaBroadcast\bin;D:\~Downloads\db_home\bin;C:\Windows;C:\Windows\system32;C:\Windows\System32\Wbem;C:\Windows\System32\WindowsPowerShell\v1.0\;C:\Windows\System32\OpenSSH\;C:\Program Files (x86)\NVIDIA Corporation\PhysX\Common;C:\Program Files\Git\cmd;C:\Users\Raynier\AppData\Roaming\npm\node_modules\@angular\cli\bin;C:\Users\Raynier\AppData\Roaming\npm;D:\~Coding\Gradle\gradle-4.10.2\bin;C:\Android;C:\Program Files\dotnet\;C:\Windows\system32\config\systemprofile\AppData\Local\Microsoft\WindowsApps;C:\Program Files\nodejs\;C:\Program Files\Docker\Docker\resources\bin;C:\Program Files\Amazon\AWSCLIV2\;C:\Program Files\Java\jdk-11.0.17\bin;C:\Program Files\Java\scripts;C:\Users\Raynier\scoop\shims;C:\Ruby31-x64\bin;C:\Program Files\MySQL\MySQL Shell 8.0\bin\;C:\Users\Raynier\AppData\Local\Programs\Python\Python39\Scripts\;C:\Users\Raynier\AppData\Local\Programs\Python\Python39\;C:\Program Files\MongoDB\Server\4.4\bin;C:\Users\Raynier\AppData\Local\Programs\Microsoft VS Code\bin;C:\Users\Raynier\.dotnet\tools;C:\Users\Raynier\AppData\Local\Android\Sdk\platform-tools;C:\Users\Raynier\AppData\Roaming\npm;C:\Users\Raynier\.ebcli-virtual-env\executables\;C:\Program Files\Apache\apache-maven-3.9.0\bin\;C:\Program Files\Java\jdk-11.0.17\bin;C:\Program Files\Java\scripts;;C:\Windows\system32;
USERNAME=Raynier
OS=Windows_NT
PROCESSOR_IDENTIFIER=AMD64 Family 23 Model 113 Stepping 0, AuthenticAMD



---------------  S Y S T E M  ---------------

OS: Windows 10 , 64 bit Build 19041 (10.0.19041.2913)
OS uptime: 4 days 19:12 hours
HyperV virtualization detected

CPU:total 16 (initial active 16) (16 cores per cpu, 2 threads per core) family 23 model 113 stepping 0, cmov, cx8, fxsr, mmx, sse, sse2, sse3, ssse3, sse4.1, sse4.2, popcnt, avx, avx2, aes, clmul, mmxext, 3dnowpref, lzcnt, sse4a, ht, tsc, tscinvbit, tscinv, bmi1, bmi2, adx, sha, fma

Memory: 4k page, system-wide physical 32695M (9700M free)
TotalPageFile size 54275M (AvailPageFile size 6567M)
current process WorkingSet (physical memory assigned to process): 51M, peak: 53M
current process commit charge ("private bytes"): 625M, peak: 626M

vm_info: OpenJDK 64-Bit Server VM (14.0.2+12-46) for windows-amd64 JRE (14.0.2+12-46), built on Jul  9 2020 00:31:16 by "mach5one" with MS VC++ 15.9 (VS2017)

END.
